<?xml version="1.0" encoding="UTF-8"?>
<!-- Generated by org.testng.reporters.JUnitXMLReporter -->
<testsuite ignored="0" hostname="DESKTOP-73KKMKP" failures="0" tests="10" name="Default test" time="124.097" errors="0" timestamp="2024-08-02T12:07:19 EDT">
  <testcase classname="testCases.TC001_DDT" name="RegisterTest" time="13.358"/>
  <testcase classname="testCases.TC001_DDT" name="RegisterTest" time="12.453"/>
  <testcase classname="testCases.TC001_DDT" name="RegisterTest" time="12.265"/>
  <testcase classname="testCases.TC001_DDT" name="RegisterTest" time="10.766"/>
  <testcase classname="testCases.TC001_DDT" name="RegisterTest" time="11.026"/>
  <testcase classname="testCases.TC001_DDT" name="RegisterTest" time="10.399"/>
  <testcase classname="testCases.TC001_DDT" name="RegisterTest" time="11.222"/>
  <testcase classname="testCases.TC001_DDT" name="RegisterTest" time="11.513"/>
  <testcase classname="testCases.TC001_DDT" name="RegisterTest" time="11.454"/>
  <testcase classname="testCases.TC001_DDT" name="RegisterTest" time="10.997"/>
</testsuite> <!-- Default test -->
