<?xml version="1.0" encoding="UTF-8"?>
<!-- Generated by org.testng.reporters.JUnitXMLReporter -->
<testsuite ignored="0" hostname="DESKTOP-73KKMKP" failures="10" tests="10" name="Test" time="146.918" errors="0" timestamp="2024-08-02T12:38:46 EDT">
  <testcase classname="testCases.TC001_DDT" name="RegisterTest" time="14.083">
    <failure type="java.lang.AssertionError" message="null">
      <![CDATA[java.lang.AssertionError: null
at testCases.TC001_DDT.RegisterTest(TC001_DDT.java:49)
at java.base/java.util.ArrayList.forEach(ArrayList.java:1597)
... Removed 27 stack frames]]>
    </failure>
  </testcase> <!-- RegisterTest -->
  <testcase classname="testCases.TC001_DDT" name="RegisterTest" time="14.974">
    <failure type="java.lang.AssertionError" message="null">
      <![CDATA[java.lang.AssertionError: null
at testCases.TC001_DDT.RegisterTest(TC001_DDT.java:49)
at java.base/java.util.ArrayList.forEach(ArrayList.java:1597)
... Removed 27 stack frames]]>
    </failure>
  </testcase> <!-- RegisterTest -->
  <testcase classname="testCases.TC001_DDT" name="RegisterTest" time="13.544">
    <failure type="java.lang.AssertionError" message="null">
      <![CDATA[java.lang.AssertionError: null
at testCases.TC001_DDT.RegisterTest(TC001_DDT.java:49)
at java.base/java.util.ArrayList.forEach(ArrayList.java:1597)
... Removed 27 stack frames]]>
    </failure>
  </testcase> <!-- RegisterTest -->
  <testcase classname="testCases.TC001_DDT" name="RegisterTest" time="13.766">
    <failure type="java.lang.AssertionError" message="null">
      <![CDATA[java.lang.AssertionError: null
at testCases.TC001_DDT.RegisterTest(TC001_DDT.java:49)
at java.base/java.util.ArrayList.forEach(ArrayList.java:1597)
... Removed 27 stack frames]]>
    </failure>
  </testcase> <!-- RegisterTest -->
  <testcase classname="testCases.TC001_DDT" name="RegisterTest" time="13.818">
    <failure type="java.lang.AssertionError" message="null">
      <![CDATA[java.lang.AssertionError: null
at testCases.TC001_DDT.RegisterTest(TC001_DDT.java:49)
at java.base/java.util.ArrayList.forEach(ArrayList.java:1597)
... Removed 27 stack frames]]>
    </failure>
  </testcase> <!-- RegisterTest -->
  <testcase classname="testCases.TC001_DDT" name="RegisterTest" time="13.328">
    <failure type="java.lang.AssertionError" message="null">
      <![CDATA[java.lang.AssertionError: null
at testCases.TC001_DDT.RegisterTest(TC001_DDT.java:49)
at java.base/java.util.ArrayList.forEach(ArrayList.java:1597)
... Removed 27 stack frames]]>
    </failure>
  </testcase> <!-- RegisterTest -->
  <testcase classname="testCases.TC001_DDT" name="RegisterTest" time="13.348">
    <failure type="java.lang.AssertionError" message="null">
      <![CDATA[java.lang.AssertionError: null
at testCases.TC001_DDT.RegisterTest(TC001_DDT.java:49)
at java.base/java.util.ArrayList.forEach(ArrayList.java:1597)
... Removed 27 stack frames]]>
    </failure>
  </testcase> <!-- RegisterTest -->
  <testcase classname="testCases.TC001_DDT" name="RegisterTest" time="13.376">
    <failure type="java.lang.AssertionError" message="null">
      <![CDATA[java.lang.AssertionError: null
at testCases.TC001_DDT.RegisterTest(TC001_DDT.java:49)
at java.base/java.util.ArrayList.forEach(ArrayList.java:1597)
... Removed 27 stack frames]]>
    </failure>
  </testcase> <!-- RegisterTest -->
  <testcase classname="testCases.TC001_DDT" name="RegisterTest" time="12.932">
    <failure type="java.lang.AssertionError" message="null">
      <![CDATA[java.lang.AssertionError: null
at testCases.TC001_DDT.RegisterTest(TC001_DDT.java:49)
at java.base/java.util.ArrayList.forEach(ArrayList.java:1597)
... Removed 27 stack frames]]>
    </failure>
  </testcase> <!-- RegisterTest -->
  <testcase classname="testCases.TC001_DDT" name="RegisterTest" time="12.931">
    <failure type="java.lang.AssertionError" message="null">
      <![CDATA[java.lang.AssertionError: null
at testCases.TC001_DDT.RegisterTest(TC001_DDT.java:49)
at java.base/java.util.ArrayList.forEach(ArrayList.java:1597)
... Removed 27 stack frames]]>
    </failure>
  </testcase> <!-- RegisterTest -->
</testsuite> <!-- Test -->
