<?xml version="1.0" encoding="UTF-8"?>
<!-- Generated by org.testng.reporters.JUnitXMLReporter -->
<testsuite ignored="0" hostname="DESKTOP-73KKMKP" failures="10" tests="10" name="Test" time="144.806" errors="0" timestamp="2024-08-02T13:08:34 EDT">
  <testcase classname="testCases.TC001_DDT" name="RegisterTest" time="14.677">
    <failure type="java.lang.AssertionError" message="null">
      <![CDATA[java.lang.AssertionError: null
at testCases.TC001_DDT.RegisterTest(TC001_DDT.java:49)
at java.base/java.util.ArrayList.forEach(ArrayList.java:1597)
... Removed 31 stack frames]]>
    </failure>
  </testcase> <!-- RegisterTest -->
  <testcase classname="testCases.TC001_DDT" name="RegisterTest" time="13.897">
    <failure type="java.lang.AssertionError" message="null">
      <![CDATA[java.lang.AssertionError: null
at testCases.TC001_DDT.RegisterTest(TC001_DDT.java:49)
at java.base/java.util.ArrayList.forEach(ArrayList.java:1597)
... Removed 31 stack frames]]>
    </failure>
  </testcase> <!-- RegisterTest -->
  <testcase classname="testCases.TC001_DDT" name="RegisterTest" time="12.792">
    <failure type="java.lang.AssertionError" message="null">
      <![CDATA[java.lang.AssertionError: null
at testCases.TC001_DDT.RegisterTest(TC001_DDT.java:49)
at java.base/java.util.ArrayList.forEach(ArrayList.java:1597)
... Removed 31 stack frames]]>
    </failure>
  </testcase> <!-- RegisterTest -->
  <testcase classname="testCases.TC001_DDT" name="RegisterTest" time="13.665">
    <failure type="java.lang.AssertionError" message="null">
      <![CDATA[java.lang.AssertionError: null
at testCases.TC001_DDT.RegisterTest(TC001_DDT.java:49)
at java.base/java.util.ArrayList.forEach(ArrayList.java:1597)
... Removed 31 stack frames]]>
    </failure>
  </testcase> <!-- RegisterTest -->
  <testcase classname="testCases.TC001_DDT" name="RegisterTest" time="14.108">
    <failure type="java.lang.AssertionError" message="null">
      <![CDATA[java.lang.AssertionError: null
at testCases.TC001_DDT.RegisterTest(TC001_DDT.java:49)
at java.base/java.util.ArrayList.forEach(ArrayList.java:1597)
... Removed 31 stack frames]]>
    </failure>
  </testcase> <!-- RegisterTest -->
  <testcase classname="testCases.TC001_DDT" name="RegisterTest" time="12.475">
    <failure type="java.lang.AssertionError" message="null">
      <![CDATA[java.lang.AssertionError: null
at testCases.TC001_DDT.RegisterTest(TC001_DDT.java:49)
at java.base/java.util.ArrayList.forEach(ArrayList.java:1597)
... Removed 31 stack frames]]>
    </failure>
  </testcase> <!-- RegisterTest -->
  <testcase classname="testCases.TC001_DDT" name="RegisterTest" time="13.003">
    <failure type="java.lang.AssertionError" message="null">
      <![CDATA[java.lang.AssertionError: null
at testCases.TC001_DDT.RegisterTest(TC001_DDT.java:49)
at java.base/java.util.ArrayList.forEach(ArrayList.java:1597)
... Removed 31 stack frames]]>
    </failure>
  </testcase> <!-- RegisterTest -->
  <testcase classname="testCases.TC001_DDT" name="RegisterTest" time="12.907">
    <failure type="java.lang.AssertionError" message="null">
      <![CDATA[java.lang.AssertionError: null
at testCases.TC001_DDT.RegisterTest(TC001_DDT.java:49)
at java.base/java.util.ArrayList.forEach(ArrayList.java:1597)
... Removed 31 stack frames]]>
    </failure>
  </testcase> <!-- RegisterTest -->
  <testcase classname="testCases.TC001_DDT" name="RegisterTest" time="13.317">
    <failure type="java.lang.AssertionError" message="null">
      <![CDATA[java.lang.AssertionError: null
at testCases.TC001_DDT.RegisterTest(TC001_DDT.java:49)
at java.base/java.util.ArrayList.forEach(ArrayList.java:1597)
... Removed 31 stack frames]]>
    </failure>
  </testcase> <!-- RegisterTest -->
  <testcase classname="testCases.TC001_DDT" name="RegisterTest" time="12.548">
    <failure type="java.lang.AssertionError" message="null">
      <![CDATA[java.lang.AssertionError: null
at testCases.TC001_DDT.RegisterTest(TC001_DDT.java:49)
at java.base/java.util.ArrayList.forEach(ArrayList.java:1597)
... Removed 31 stack frames]]>
    </failure>
  </testcase> <!-- RegisterTest -->
</testsuite> <!-- Test -->
